<component name="libraryTable">
  <library name="junit-platform-console-standalone-1.12.2">
    <CLASSES>
      <root url="jar://$PROJECT_DIR$/JavaImplementation/junit-platform-console-standalone-1.12.2.jar!/" />
    </CLASSES>
    <JAVADOC />
    <SOURCES />
  </library>
</component>